Arguments: 
  /usr/local/bin/node /usr/local/bin/yarn run typeorm --help

PATH: 
  /home/ltray/.poetry/bin:/usr/local/sbin:/usr/local/bin:/usr/sbin:/usr/bin:/sbin:/bin:/usr/games:/usr/local/games:/usr/lib/wsl/lib:/mnt/c/WINDOWS/system32:/mnt/c/WINDOWS:/mnt/c/WINDOWS/System32/Wbem:/mnt/c/WINDOWS/System32/WindowsPowerShell/v1.0/:/mnt/c/WINDOWS/System32/OpenSSH/:/mnt/c/Program Files (x86)/Microsoft SQL Server/150/DTS/Binn/:/mnt/c/Program Files/Azure Data Studio/bin:/mnt/c/Program Files/Docker/Docker/resources/bin:/mnt/c/ProgramData/DockerDesktop/version-bin:/mnt/c/Users/lawtra/.poetry/bin:/mnt/c/Users/lawtra/AppData/Local/Programs/Python/Python38/Scripts/:/mnt/c/Users/lawtra/AppData/Local/Programs/Python/Python38/:/mnt/c/Users/lawtra/AppData/Local/Microsoft/WindowsApps:/mnt/c/Users/lawtra/AppData/Local/Programs/Microsoft VS Code/bin:/mnt/c/Users/lawtra/AppData/Local/Programs/Git/cmd:/opt/mssql-tools/bin

Yarn version: 
  1.22.17

Node version: 
  14.17.6

Platform: 
  linux x64

Trace: 
  SyntaxError: /mnt/c/Users/lawtra/Documents/Kvasir/backend/package.json: Unexpected token } in JSON at position 436
      at JSON.parse (<anonymous>)
      at /usr/local/lib/node_modules/yarn/lib/cli.js:1625:59
      at Generator.next (<anonymous>)
      at step (/usr/local/lib/node_modules/yarn/lib/cli.js:310:30)
      at /usr/local/lib/node_modules/yarn/lib/cli.js:321:13

npm manifest: 
  {
      "name": "backend",
      "version": "0.0.0",
      "license": "MIT",
      "scripts": {
          "build": "./node_modules/.bin/ts-node build.ts",
          "lint": "eslint . --ext .ts",
          "start": "node -r module-alias/register ./dist --env=production",
          "start:dev": "nodemon",
          "test:watch": "nodemon --config ./spec/nodemon.json",
          "test": "./node_modules/.bin/ts-node -r tsconfig-paths/register ./spec",
      },
      "nodemonConfig": {
          "watch": [
              "src"
          ],
          "ext": "ts, html",
          "ignore": [
              "src/public"
          ],
          "exec": "./node_modules/.bin/ts-node -r tsconfig-paths/register ./src"
      },
      "dependencies": {
          "@decorators/di": "^1.0.3",
          "@decorators/express": "^2.6.0",
          "command-line-args": "^5.2.0",
          "cookie-parser": "^1.4.6",
          "dotenv": "^10.0.0",
          "express": "^4.17.2",
          "express-async-errors": "^3.1.1",
          "helmet": "^4.6.0",
          "http-status-codes": "^2.2.0",
          "jet-logger": "^1.0.6",
          "jsonfile": "^6.1.0",
          "module-alias": "^2.2.2",
          "morgan": "^1.10.0",
          "typeorm": "0.2.41",
          "reflect-metadata": "^0.1.10",
          "pg": "^8.4.0"
      },
      "devDependencies": {
          "@types/command-line-args": "^5.2.0",
          "@types/cookie-parser": "^1.4.2",
          "@types/express": "^4.17.13",
          "@types/find": "^0.2.1",
          "@types/fs-extra": "^9.0.13",
          "@types/jasmine": "^3.10.2",
          "@types/jest": "^27.0.3",
          "@types/jsonfile": "^6.0.1",
          "@types/morgan": "^1.9.3",
          "@types/node": "^17.0.5",
          "@types/supertest": "^2.0.11",
          "@typescript-eslint/eslint-plugin": "^5.8.1",
          "@typescript-eslint/parser": "^5.8.1",
          "eslint": "^8.5.0",
          "find": "^0.3.0",
          "fs-extra": "^10.0.0",
          "jasmine": "^3.10.0",
          "jest": "^27.4.5",
          "nodemon": "^2.0.15",
          "supertest": "^6.1.6",
          "ts-node": "^10.4.0",
          "tsconfig-paths": "^3.12.0",
          "typescript": "4.4.3"
      }
  }

yarn manifest: 
  No manifest

Lockfile: 
  No lockfile
